<?xml version="1.0" encoding="UTF-8"?>
<testsuite name="TestAllWorkClassTest" tests="1" skipped="0" failures="0" errors="0" timestamp="2015-03-25T23:08:48" hostname="200OK.local" time="0.0">
  <properties/>
  <testcase name="testSingleMethod" classname="TestAllWorkClassTest" time="0.0"/>
  <system-out><![CDATA[]]></system-out>
  <system-err><![CDATA[]]></system-err>
</testsuite>
